#
# A fatal error has been detected by the Java Runtime Environment:
#
#  SIGSEGV (0xb) at pc=0x000000010bc59f3f, pid=91582, tid=0x0000000000009b8f
#
# JRE version: OpenJDK Runtime Environment (8.0_492-b09) (build 1.8.0_492-b09)
# Java VM: OpenJDK 64-Bit Server VM (25.492-b09 mixed mode bsd-amd64 compressed oops)
# Problematic frame:
# V  [libjvm.dylib+0x44af3f]  ObjectMonitor::EnterI(Thread*)+0x269
#
# Failed to write core dump. Core dumps have been disabled. To enable core dumping, try "ulimit -c unlimited" before starting Java again
#
# If you would like to submit a bug report, please visit:
#   https://github.com/adoptium/adoptium-support/issues
#

---------------  T H R E A D  ---------------

Current thread (0x00007f8e0c818800):  JavaThread "SIGHUP handler" daemon [_thread_blocked, id=39823, stack(0x000000030b738000,0x000000030b838000)]

siginfo: si_signo: 11 (SIGSEGV), si_code: 1 (SEGV_MAPERR), si_addr: 0x0000000000000000

Registers:
RAX=0x0000000000000000, RBX=0x00007f8e0c818800, RCX=0x00007f8e5d16a348, RDX=0x0000000000000000
RSP=0x000000030b837810, RBP=0x000000030b837870, RSI=0x0000000000000000, RDI=0x00007f8e5d16a328
R8 =0x000000010bee2c90, R9 =0x000000000000003c, R10=0x0000000000000000, R11=0x0000000000000020
R12=0x00007f8e5e48d6c0, R13=0x00007f8e5e48d6f8, R14=0x00007f8e5e48d6a8, R15=0x00000000000003e8
RIP=0x000000010bc59f3f, EFLAGS=0x0000000000000203, ERR=0x0000000000000004
  TRAPNO=0x000000000000000e

Top of Stack: (sp=0x000000030b837810)
0x000000030b837810:   0000000000000000 0000000000000bad
0x000000030b837820:   00007f8e0c818800 0000000000000000
0x000000030b837830:   00007f8e5d16a300 0000000500000000
0x000000030b837840:   000000000b837870 00007f8e5e48d6a8
0x000000030b837850:   0000600001bb16c0 000000010bedbf33
0x000000030b837860:   00007f8e0c818800 000000030b8378f0
0x000000030b837870:   000000030b837930 000000010bc596c3
0x000000030b837880:   0000000300000005 00007f8e0c818800
0x000000030b837890:   000000030b837801 00007f8e3c739790
0x000000030b8378a0:   000000030b837800 000000010b991d00
0x000000030b8378b0:   00007f8e0c818800 000000012582fb00
0x000000030b8378c0:   0000000000000000 0000000000000000
0x000000030b8378d0:   0000000100c89400 00007f8e0c818800
0x000000030b8378e0:   0000000000000000 00000001258304c3
0x000000030b8378f0:   00007f8e0c818800 00007f8e5e48d720
0x000000030b837900:   000000020b837930 00007f8e0c818800
0x000000030b837910:   0000000000000000 00000001258304c3
0x000000030b837920:   000000030b837990 00000006c0471438
0x000000030b837930:   000000030b837970 000000010babdbd3
0x000000030b837940:   00000001251d5ea8 00007f8e0c818800
0x000000030b837950:   00007f8e0c818800 00000000000000c2
0x000000030b837960:   000000030b837a08 00007f8e0c818800
0x000000030b837970:   000000030b8379e0 000000010d1ccf01
0x000000030b837980:   00000006c0471438 000000010d1ccecd
0x000000030b837990:   0000000000000003 00000006c0471438
0x000000030b8379a0:   000000030b837990 00000001258304c3
0x000000030b8379b0:   000000030b837a08 00000001258306f0
0x000000030b8379c0:   0000000000000000 0000000125830508
0x000000030b8379d0:   0000000000000000 000000030b837a08
0x000000030b8379e0:   000000030b837a50 000000010d1aeffd
0x000000030b8379f0:   0000000000000000 0000000000000000
0x000000030b837a00:   00000006c0471438 0000000000000081 

Instructions: (pc=0x000000010bc59f3f)
0x000000010bc59f1f:   01 f0 49 0f b1 1c 24 48 85 c0 0f 84 99 00 00 00
0x000000010bc59f2f:   48 8b 05 72 8c 28 00 48 85 c0 74 07 48 8b 40 28
0x000000010bc59f3f:   48 ff 00 f6 05 cf 00 27 00 01 74 16 4c 89 f7 48
0x000000010bc59f4f:   89 de e8 ce f8 ff ff 4c 8d 05 33 8d 28 00 85 c0 

Register to memory mapping:

RAX=